2024-01-04 00:00:10,567 - WARNING - Disk quota exceeded for user 'developer'.
2024-01-04 00:00:11,890 - INFO - Scheduled report 'DailySummary' completed.
2024-01-04 00:00:12,123 - ERROR - Database connection lost during query execution.
2024-01-04 00:00:13,456 - INFO - User 'zach_a' logged in successfully.
2024-01-04 00:00:14,789 - INFO - Service 'AssetManager' started.
2024-01-04 00:00:15,012 - DEBUG - Applying security policies.
2024-01-04 00:00:16,345 - WARNING - API key 'XYZ123' is nearly expired.
2024-01-04 00:00:17,678 - INFO - Background job 'DataCleanup' processed 1000 records.
2024-01-04 00:00:18,901 - ERROR - Permission denied: unable to write to '/etc/app/config.ini'.
2024-01-04 00:00:19,234 - INFO - User 'alex_b' added 3 items to cart.
2024-01-04 00:00:20,567 - INFO - New firmware update available for device 'Printer01'.
2024-01-04 00:00:21,890 - DEBUG - Response content length: 2048 bytes.
2024-01-04 00:00:22,123 - WARNING - External service 'CDN' responded with 429 Too Many Requests.
2024-01-04 00:00:23,456 - INFO - User 'ben_c' changed profile picture.
2024-01-04 00:00:24,789 - ERROR - Memory leak detected in module 'AnalyticsEngine'.
2024-01-04 00:00:25,012 - INFO - Transaction failed: Insufficient stock for product 'SKU-001'.
2024-01-04 00:00:26,345 - INFO - Database connection to 'replica_db' restored.
2024-01-04 00:00:27,678 - DEBUG - Processing message from queue 'SystemEvents'.
2024-01-04 00:00:28,901 - WARNING - Invalid date format in input field 'dob'.
2024-01-04 00:00:29,234 - INFO - User 'cindy_d' unsubscribed from marketing emails.
2024-01-04 00:00:30,567 - ERROR - Network device 'Router01' is unreachable.
2024-01-04 00:00:31,890 - INFO - API gateway routing request to 'UserService'.
2024-01-04 00:00:32,123 - INFO - Automated test 'FunctionalTest_Login' passed.
2024-01-04 00:00:33,456 - DEBUG - Performing data transformation.
2024-01-04 00:00:34,789 - WARNING - Certificate subject alternative name mismatch.
2024-01-04 00:00:35,012 - ERROR - File 'template.html' is corrupted.
2024-01-04 00:00:36,345 - INFO - User 'david_e' reported an issue.
2024-01-04 00:00:37,678 - INFO - Health check for 'LoadBalancer' successful.
2024-01-04 00:00:38,901 - DEBUG - Building SQL query with parameters.
2024-01-04 00:00:39,234 - WARNING - User 'intruder' attempted to access restricted endpoint.
2024-01-04 00:00:40,567 - INFO - System started successfully.
2024-01-04 00:00:41,890 - ERROR - Failed to initialize module 'PaymentGatewayConnector'.
2024-01-04 00:00:42,123 - INFO - User 'eliza_f' completed onboarding.
2024-01-04 00:00:43,456 - INFO - New connection from IP: 10.0.0.10.
2024-01-04 00:00:44,789 - DEBUG - Processing request for /dashboard.
2024-01-04 00:00:45,012 - WARNING - Database query timed out after 30 seconds.
2024-01-04 00:00:46,345 - INFO - Event 'OrderPlaced' sent to analytics.
2024-01-04 00:00:47,678 - ERROR - Resource not found: 'product_image_missing.png'.
2024-01-04 00:00:48,901 - INFO - User 'george_g' logged in again.
2024-01-04 00:00:49,234 - DEBUG - Compressing response data.
2024-01-04 00:00:50,567 - WARNING - Queue 'EmailQueue' is at 90% capacity.
2024-01-04 00:00:51,890 - INFO - Scheduled cleanup of temporary files completed.
2024-01-04 00:00:52,123 - ERROR - Unhandled exception during background job execution.
2024-01-04 00:00:53,456 - INFO - User 'hannah_h' updated profile picture.
2024-01-04 00:00:54,789 - INFO - Application service 'ProductService' is running.
2024-01-04 00:00:55,012 - DEBUG - Processing request for 'checkout'.
2024-01-04 00:00:56,345 - WARNING - Potential denial of service attack from 192.168.1.200.
2024-01-04 00:00:57,678 - INFO - New user 'ian_i' successfully registered.
2024-01-04 00:00:58,901 - ERROR - Critical component 'Scheduler' failed to start.
2024-01-04 00:00:59,234 - INFO - Data migration 'V1_to_V2' completed.
2024-01-05 00:00:00,567 - INFO - User 'jessica_j' changed password.
2024-01-05 00:00:01,890 - DEBUG - Validating API token.
2024-01-05 00:00:02,123 - WARNING - External service 'PaymentProvider' is returning errors.
2024-01-05 00:00:03,456 - INFO - Backup of configuration files completed.
2024-01-05 00:00:04,789 - ERROR - Failed to write to log file: Permission denied.
2024-01-05 00:00:05,012 - INFO - User 'kyle_k' viewed product ID: 8888.
2024-01-05 00:00:06,345 - INFO - Service 'AnalyticsService' processing events.
2024-01-05 00:00:07,678 - DEBUG - Decoding base64 encoded data.
2024-01-05 00:00:08,901 - WARNING - Invalid checksum for downloaded file.
2024-01-05 00:00:09,234 - INFO - New alert generated: 'Disk space low'.
2024-01-05 00:00:10,567 - ERROR - Database connection pool size limit reached.
2024-01-05 00:00:11,890 - INFO - User 'liam_l' updated shipping address.
2024-01-05 00:00:12,123 - INFO - Report 'FinancialOverview' generated.
2024-01-05 00:00:13,456 - DEBUG - Parsing JSON response.
2024-01-05 00:00:14,789 - WARNING - Failed to resolve DNS for 'internal-service.local'.
2024-01-05 00:00:15,012 - ERROR - Authentication failure for API key 'INVALID_KEY'.
2024-01-05 00:00:16,345 - INFO - User 'maya_m' logged in successfully.
2024-01-05 00:00:17,678 - INFO - Batch process 'UserSync' completed with 0 errors.
2024-01-05 00:00:18,901 - DEBUG - Initializing background task.
2024-01-05 00:00:19,234 - WARNING - Unexpected response from external service 'DataFeed'.
2024-01-05 00:00:20,567 - ERROR - Out of memory error while processing large image.
2024-01-05 00:00:21,890 - INFO - System health check passed.
2024-01-05 00:00:22,123 - INFO - User 'noah_n' subscribed to product updates.
2024-01-05 00:00:23,456 - DEBUG - Executing stored procedure 'SP_UpdateOrder'.
2024-01-05 00:00:24,789 - WARNING - Certificate 'Web_Cert_Dev' is self-signed.
2024-01-05 00:00:25,012 - ERROR - Filesystem corruption detected on '/dev/sdb1'.
2024-01-05 00:00:26,345 - INFO - User 'oliver_o' downloaded report.
2024-01-05 00:00:27,678 - INFO - Cron job 'DailyReports' started.
2024-01-05 00:00:28,901 - DEBUG - Calculating hash of file.
2024-01-05 00:00:29,234 - WARNING - High network traffic detected.
2024-01-05 00:00:29,234 - WARNING - High network traffic detected.
 2024-01-05 00:00:30,567 - ERROR - API limit exceeded for 'GoogleMapsAPI'.
 2024-01-05 00:00:31,890 - INFO - User 'penny_p' posted a comment.
 2024-01-05 00:00:32,123 - INFO - Service 'SearchService' re-indexed.
 2024-01-05 00:00:33,456 - DEBUG - Validating input parameter 'query'.
 2024-01-05 00:00:34,789 - WARNING - Database table 'temp_data' not cleaned up.
 2024-01-05 00:00:35,012 - ERROR - Connection refused by 'message_broker:9092'.
 2024-01-05 00:00:36,345 - INFO - User 'quentin_q' logged out.
 2024-01-05 00:00:37,678 - INFO - System alert: Memory usage at 90%, starting swap.
 2024-01-05 00:00:38,901 - DEBUG - Preparing HTTP response.
 2024-01-05 00:00:39,234 - WARNING - Resource 'queue_processor_1' is unresponsive.
 2024-01-05 00:00:40,567 - ERROR - Invalid input format for 'CSV_parser'.
 2024-01-05 00:00:41,890 - INFO - User 'rachel_r' requested support.
 2024-01-05 00:00:42,123 - INFO - API endpoint '/metrics' accessed.
 2024-01-05 00:00:43,456 - DEBUG - Logging out user session.
 2024-01-05 00:00:44,789 - WARNING - Database 'staging_db' is nearing capacity.
 2024-01-05 00:00:45,012 - ERROR - Critical update failed to apply.
 2024-01-05 00:00:46,345 - INFO - User 'sam_s' completed checkout for order #10002.
 2024-01-05 00:00:47,678 - INFO - Scheduled task 'HourlyDataSync' completed.
 2024-01-05 00:00:48,901 - DEBUG - Reading configuration from environment variables.
 2024-01-05 00:00:49,234 - WARNING - Invalid data received from 'LegacySystem'.
 2024-01-05 00:00:50,567 - ERROR - Security vulnerability detected: SQL injection.
 2024-01-05 00:00:51,890 - INFO - User 'tina_t' updated her email.
 2024-01-05 00:00:52,123 - INFO - Application uptime: 4 days.
 2024-01-05 00:00:53,456 - DEBUG - Performing garbage collection.
 2024-01-05 00:00:54,789 - WARNING - Process 'ImageWorker' consumed too much memory.
 2024-01-05 00:00:55,012 - ERROR - File not found: '/app/resources/config.xml'.
 2024-01-05 00:00:56,345 - INFO - User 'uma_u' logged in using 2FA.
 2024-01-05 00:00:57,678 - INFO - Service 'InventoryUpdate' completed.
 2024-01-05 00:00:58,901 - DEBUG - API call to '/admin/health'.
 2024-01-05 00:00:59,234 - WARNING - Disk performance degraded.
 2024-01-06 00:00:00,567 - INFO - Application gracefully shut down.
 2024-01-06 00:00:01,890 - INFO - System maintenance completed.
 2024-01-06 00:00:02,123 - ERROR - Unexpected database schema mismatch.
 2024-01-06 00:00:03,456 - INFO - Server rebooted.
 2024-01-06 00:00:04,789 - DEBUG - Initializing logging system.
 2024-01-06 00:00:05,012 - WARNING - Expired session detected for user 'old_user'.
 2024-01-06 00:00:06,345 - INFO - User 'victor_v' logged in.
 2024-01-06 00:00:07,678 - ERROR - Failed to load dynamic library 'crypto.dll'.
 2024-01-06 00:00:08,901 - INFO - Service 'ReportGenerator' started.
 2024-01-06 00:00:09,234 - DEBUG - Processing request for 'user-settings'.
 2024-01-06 00:00:10,567 - WARNING - Out of date client 'iOS_App_v1.0' connected.
 2024-01-06 00:00:11,890 - INFO - Database connection to 'main_db' established.
 2024-01-06 00:00:12,123 - ERROR - Too many redirect attempts for URL 'http://old.example.com'.
 2024-01-06 00:00:13,456 - INFO - User 'wendy_w' registered.
 2024-01-06 00:00:14,789 - INFO - Background task 'DataSync' completed.
 2024-01-06 00:00:15,012 - DEBUG - Building API response.
 2024-01-06 00:00:16,345 - WARNING - Potential race condition in 'OrderProcessor'.
 2024-01-06 00:00:17,678 - INFO - Metrics updated for 'request_duration_ms'.
 2024-01-06 00:00:18,901 - ERROR - Invalid state transition for 'Order' object.
 2024-01-06 00:00:19,234 - INFO - User 'xander_x' viewed product ID: 9999.
 2024-01-06 00:00:20,567 - INFO - Application health check: All services OK.