2024-01-01 00:00:07,678 - INFO - Data synchronization started for 'ProductCatalog'.
2024-01-01 00:00:08,901 - INFO - User 'jane_smith' logged out.
2024-01-01 00:00:09,234 - DEBUG - Cache hit for key 'product_123'.
2024-01-01 00:00:10,567 - INFO - Email notification sent to 'admin@example.com'.
2024-01-01 00:00:11,890 - WARNING - Deprecated function 'old_parser' used in module 'data_processor'.
2024-01-01 00:00:12,123 - ERROR - NullPointerException in 'UserManager.getUserById(id=null)'.
2024-01-01 00:00:13,456 - INFO - Scheduled task 'HourlyBackup' completed.
2024-01-01 00:00:14,789 - INFO - API request received from 203.0.113.10 for /api/v1/status.
2024-01-01 00:00:15,012 - DEBUG - Processing user input: 'search term'.
2024-01-01 00:00:16,345 - WARNING - Failed login attempt for user 'guest' from 10.0.0.5.
2024-01-01 00:00:17,678 - INFO - Configuration reloaded from 'config.yaml'.
2024-01-01 00:00:18,901 - INFO - Service 'PaymentGateway' responded in 250ms.
2024-01-01 00:00:19,234 - ERROR - File 'users.csv' not found in data directory.
2024-01-01 00:00:20,567 - INFO - Health check successful for database service.
2024-01-01 00:00:21,890 - DEBUG - Session created for user ID: 7890.
2024-01-01 00:00:22,123 - INFO - Generating report 'SalesSummary_Q1'.
2024-01-01 00:00:23,456 - WARNING - High CPU usage detected: 85%.
2024-01-01 00:00:24,789 - INFO - Resource allocated: Memory=512MB.
2024-01-01 00:00:25,012 - ERROR - Database write error: Duplicate key entry for 'order_id_54321'.
2024-01-01 00:00:26,345 - INFO - Security audit log: access granted to 'system_admin' .
2024-01-05 00:00:21,890 - INFO - System health check passed.
2024-01-05 00:00:22,123 - INFO - User 'noah_n' subscribed to product updates.
2024-01-05 00:00:23,456 - DEBUG - Executing stored procedure 'SP_UpdateOrder'.
2024-01-05 00:00:24,789 - WARNING - Certificate 'Web_Cert_Dev' is self-signed.
2024-01-05 00:00:25,012 - ERROR - Filesystem corruption detected on '/dev/sdb1'.
2024-01-05 00:00:26,345 - INFO - User 'oliver_o' downloaded report.
2024-01-05 00:00:27,678 - INFO - Cron job 'DailyReports' started.
2024-01-05 00:00:28,901 - DEBUG - Calculating hash of file.
2024-01-05 00:00:29,234 - WARNING - High network traffic detected.
2024-01-05 00:00:30,567 - ERROR - API limit exceeded for 'GoogleMapsAPI'.
2024-01-05 00:00:31,890 - INFO - User 'penny_p' posted a comment.
2024-01-05 00:00:32,123 - INFO - Service 'SearchService' re-indexed.
2024-01-05 00:00:33,456 - DEBUG - Validating input parameter 'query'.
2024-01-05 00:00:34,789 - WARNING - Database table 'temp_data' not cleaned up.
2024-01-05 00:00:35,012 - ERROR - Connection refused by 'message_broker:9092'.
2024-01-05 00:00:36,345 - INFO - User 'quentin_q' logged out.
2024-01-05 00:00:37,678 - INFO - System alert: Memory usage at 90%, starting swap.
2024-01-05 00:00:38,901 - DEBUG - Preparing HTTP response.
2024-01-05 00:00:39,234 - WARNING - Resource 'queue_processor_1' is unresponsive.
2024-01-05 00:00:40,567 - ERROR - Invalid input format for 'CSV_parser'.
2024-01-05 00:00:41,890 - INFO - User 'rachel_r' requested support.
2024-01-05 00:00:42,123 - INFO - API endpoint '/metrics' accessed.
2024-01-05 00:00:43,456 - DEBUG - Logging out user session.
2024-01-05 00:00:44,789 - WARNING - Database 'staging_db' is nearing capacity.
2024-01-05 00:00:45,012 - ERROR - Critical update failed to apply.
2024-01-05 00:00:46,345 - INFO - User 'sam_s' completed checkout for order #10002.
2024-01-05 00:00:47,678 - INFO - Scheduled task 'HourlyDataSync' completed.
2024-01-05 00:00:48,901 - DEBUG - Reading configuration from environment variables.
2024-01-05 00:00:49,234 - WARNING - Invalid data received from 'LegacySystem'.
2024-01-05 00:00:50,567 - ERROR - Security vulnerability detected: SQL injection.
2024-01-05 00:00:51,890 - INFO - User 'tina_t' updated her email.
2024-01-05 00:00:52,123 - INFO - Application uptime: 4 days.
2024-01-05 00:00:53,456 - DEBUG - Performing garbage collection.
2024-01-05 00:00:54,789 - WARNING - Process 'ImageWorker' consumed too much memory.
2024-01-05 00:00:55,012 - ERROR - File not found: '/app/resources/config.xml'.
2024-01-05 00:00:56,345 - INFO - User 'uma_u' logged in using 2FA.
2024-01-05 00:00:57,678 - INFO - Service 'InventoryUpdate' completed.
2024-01-05 00:00:58,901 - DEBUG - API call to '/admin/health'.
2024-01-05 00:00:59,234 - WARNING - Disk performance degraded.
2024-01-06 00:00:00,567 - INFO - Application gracefully shut down.
2024-01-06 00:00:01,890 - INFO - System maintenance completed.
